<?xml version="1.0" encoding="UTF-8"?>
<Site BuildName="(empty)"
	BuildStamp="20240411-1653-Experimental"
	Name="xie-MACH-WX9"
	Generator="ctest-3.10.2"
	CompilerName="/usr/bin/g++"
	CompilerVersion="7.5.0"
	OSName="Linux"
	Hostname="xie-MACH-WX9"
	OSRelease="5.4.0-150-generic"
	OSVersion="#167~18.04.1-Ubuntu SMP Wed May 24 00:51:42 UTC 2023"
	OSPlatform="x86_64"
	Is64Bits="1"
	VendorString="GenuineIntel"
	VendorID="Intel Corporation"
	FamilyID="6"
	ModelID="142"
	ProcessorCacheSize="6144"
	NumberOfLogicalCPU="8"
	NumberOfPhysicalCPU="4"
	TotalVirtualMemory="2047"
	TotalPhysicalMemory="7707"
	LogicalProcessorsPerPhysical="2"
	ProcessorClockFrequency="2041.76"
	>
	<Testing>
		<StartDateTime>Apr 12 00:54 CST</StartDateTime>
		<StartTestTime>1712854490</StartTestTime>
		<TestList/>
		<EndDateTime>Apr 12 00:54 CST</EndDateTime>
		<EndTestTime>1712854490</EndTestTime>
		<ElapsedMinutes>0</ElapsedMinutes>
	</Testing>
</Site>
